[0917/072512.121:ERROR:process_memory_win.cc(73)] ReadMemory at 0x7ff681b20000 of 64 bytes failed: Only part of a ReadProcessMemory or WriteProcessMemory request was completed. (0x12B)
[0917/072513.393:WARNING:pe_image_reader.cc(340)] could not read dos header from C:\Program Files (x86)\Google\Chrome\Application\chrome.exe
[0917/072513.394:ERROR:process_memory_win.cc(73)] ReadMemory at 0x7fffcf240000 of 64 bytes failed: Only part of a ReadProcessMemory or WriteProcessMemory request was completed. (0x12B)
[0917/072513.394:WARNING:pe_image_reader.cc(340)] could not read dos header from C:\Windows\SYSTEM32\ntdll.dll
[0917/072513.394:ERROR:process_memory_win.cc(73)] ReadMemory at 0x7fffcdc00000 of 64 bytes failed: Only part of a ReadProcessMemory or WriteProcessMemory request was completed. (0x12B)
[0917/072513.500:WARNING:pe_image_reader.cc(340)] could not read dos header from C:\Windows\System32\KERNEL32.DLL
[0917/072513.500:ERROR:process_memory_win.cc(73)] ReadMemory at 0x7fffcc3a0000 of 64 bytes failed: Only part of a ReadProcessMemory or WriteProcessMemory request was completed. (0x12B)
[0917/072513.500:WARNING:pe_image_reader.cc(340)] could not read dos header from C:\Windows\System32\KERNELBASE.dll
[0917/072513.501:ERROR:process_memory_win.cc(73)] ReadMemory at 0x7fff87190000 of 64 bytes failed: Only part of a ReadProcessMemory or WriteProcessMemory request was completed. (0x12B)
[0917/072513.501:WARNING:pe_image_reader.cc(340)] could not read dos header from C:\Program Files (x86)\Google\Chrome\Application\85.0.4183.102\chrome_elf.dll
[0917/072513.501:ERROR:process_memory_win.cc(73)] ReadMemory at 0x7fffc5d60000 of 64 bytes failed: Only part of a ReadProcessMemory or WriteProcessMemory request was completed. (0x12B)
[0917/072513.501:WARNING:pe_image_reader.cc(340)] could not read dos header from C:\Windows\SYSTEM32\VERSION.dll
[0917/072513.501:ERROR:process_memory_win.cc(73)] ReadMemory at 0x7fffcd370000 of 64 bytes failed: Only part of a ReadProcessMemory or WriteProcessMemory request was completed. (0x12B)
[0917/072513.501:WARNING:pe_image_reader.cc(340)] could not read dos header from C:\Windows\System32\msvcrt.dll
[0917/072513.501:ERROR:process_memory_win.cc(73)] ReadMemory at 0x7fffccf70000 of 64 bytes failed: Only part of a ReadProcessMemory or WriteProcessMemory request was completed. (0x12B)
[0917/072513.501:WARNING:pe_image_reader.cc(340)] could not read dos header from C:\Windows\System32\bcryptPrimitives.dll
[0917/072513.502:ERROR:process_memory_win.cc(73)] ReadMemory at 0x7fffcd810000 of 64 bytes failed: Only part of a ReadProcessMemory or WriteProcessMemory request was completed. (0x12B)
[0917/072513.502:WARNING:pe_image_reader.cc(340)] could not read dos header from C:\Windows\System32\ADVAPI32.dll
[0917/072513.502:ERROR:process_memory_win.cc(73)] ReadMemory at 0x7fffceaa0000 of 64 bytes failed: Only part of a ReadProcessMemory or WriteProcessMemory request was completed. (0x12B)
[0917/072513.502:WARNING:pe_image_reader.cc(340)] could not read dos header from C:\Windows\System32\sechost.dll
[0917/072513.502:ERROR:process_memory_win.cc(73)] ReadMemory at 0x7fffcec10000 of 64 bytes failed: Only part of a ReadProcessMemory or WriteProcessMemory request was completed. (0x12B)
[0917/072513.502:WARNING:pe_image_reader.cc(340)] could not read dos header from C:\Windows\System32\RPCRT4.dll
[0917/072513.502:ERROR:process_memory_win.cc(73)] ReadMemory at 0x7fff7d520000 of 64 bytes failed: Only part of a ReadProcessMemory or WriteProcessMemory request was completed. (0x12B)
[0917/072513.502:WARNING:pe_image_reader.cc(340)] could not read dos header from C:\Program Files (x86)\Google\Chrome\Application\85.0.4183.102\chrome.dll
[0917/072513.502:ERROR:process_memory_win.cc(73)] ReadMemory at 0x7fffce610000 of 64 bytes failed: Only part of a ReadProcessMemory or WriteProcessMemory request was completed. (0x12B)
[0917/072513.502:WARNING:pe_image_reader.cc(340)] could not read dos header from C:\Windows\System32\WS2_32.dll
[0917/072513.503:ERROR:process_memory_win.cc(73)] ReadMemory at 0x7fffcd6e0000 of 64 bytes failed: Only part of a ReadProcessMemory or WriteProcessMemory request was completed. (0x12B)
[0917/072513.503:WARNING:pe_image_reader.cc(340)] could not read dos header from C:\Windows\System32\OLEAUT32.dll
[0917/072513.503:ERROR:process_memory_win.cc(73)] ReadMemory at 0x7fffccdd0000 of 64 bytes failed: Only part of a ReadProcessMemory or WriteProcessMemory request was completed. (0x12B)
[0917/072513.503:WARNING:pe_image_reader.cc(340)] could not read dos header from C:\Windows\System32\msvcp_win.dll
[0917/072513.503:ERROR:process_memory_win.cc(73)] ReadMemory at 0x7fffccff0000 of 64 bytes failed: Only part of a ReadProcessMemory or WriteProcessMemory request was completed. (0x12B)
[0917/072513.503:WARNING:pe_image_reader.cc(340)] could not read dos header from C:\Windows\System32\ucrtbase.dll
[0917/072513.503:ERROR:process_memory_win.cc(73)] ReadMemory at 0x7fffcd8c0000 of 64 bytes failed: Only part of a ReadProcessMemory or WriteProcessMemory request was completed. (0x12B)
[0917/072513.503:WARNING:pe_image_reader.cc(340)] could not read dos header from C:\Windows\System32\combase.dll
[0917/072513.504:ERROR:process_memory_win.cc(73)] ReadMemory at 0x7fffcd0f0000 of 64 bytes failed: Only part of a ReadProcessMemory or WriteProcessMemory request was completed. (0x12B)
[0917/072513.504:WARNING:pe_image_reader.cc(340)] could not read dos header from C:\Windows\System32\WINTRUST.dll
[0917/072513.504:ERROR:process_memory_win.cc(73)] ReadMemory at 0x7fffcc160000 of 64 bytes failed: Only part of a ReadProcessMemory or WriteProcessMemory request was completed. (0x12B)
[0917/072513.504:WARNING:pe_image_reader.cc(340)] could not read dos header from C:\Windows\System32\MSASN1.dll
[0917/072513.504:ERROR:process_memory_win.cc(73)] ReadMemory at 0x7fffcc1d0000 of 64 bytes failed: Only part of a ReadProcessMemory or WriteProcessMemory request was completed. (0x12B)
[0917/072513.504:WARNING:pe_image_reader.cc(340)] could not read dos header from C:\Windows\System32\CRYPT32.dll
[0917/072513.504:ERROR:process_memory_win.cc(73)] ReadMemory at 0x7fffcb660000 of 64 bytes failed: Only part of a ReadProcessMemory or WriteProcessMemory request was completed. (0x12B)
[0917/072513.504:WARNING:pe_image_reader.cc(340)] could not read dos header from C:\Windows\SYSTEM32\IPHLPAPI.DLL
[0917/072513.505:ERROR:process_memory_win.cc(73)] ReadMemory at 0x7fffca200000 of 64 bytes failed: Only part of a ReadProcessMemory or WriteProcessMemory request was completed. (0x12B)
[0917/072513.505:WARNING:pe_image_reader.cc(340)] could not read dos header from C:\Windows\SYSTEM32\WINMM.dll
[0917/072513.505:ERROR:process_memory_win.cc(73)] ReadMemory at 0x7fffa0370000 of 64 bytes failed: Only part of a ReadProcessMemory or WriteProcessMemory request was completed. (0x12B)
[0917/072513.505:WARNING:pe_image_reader.cc(340)] could not read dos header from C:\Windows\SYSTEM32\UIAutomationCore.DLL
[0917/072513.505:ERROR:process_memory_win.cc(73)] ReadMemory at 0x7fffbe140000 of 64 bytes failed: Only part of a ReadProcessMemory or WriteProcessMemory request was completed. (0x12B)
[0917/072513.505:WARNING:pe_image_reader.cc(340)] could not read dos header from C:\Windows\SYSTEM32\Secur32.dll
[0917/072513.505:ERROR:process_memory_win.cc(73)] ReadMemory at 0x7fffcc020000 of 64 bytes failed: Only part of a ReadProcessMemory or WriteProcessMemory request was completed. (0x12B)
[0917/072513.505:WARNING:pe_image_reader.cc(340)] could not read dos header from C:\Windows\SYSTEM32\USERENV.dll
[0917/072513.505:ERROR:process_memory_win.cc(73)] ReadMemory at 0x7fffcc130000 of 64 bytes failed: Only part of a ReadProcessMemory or WriteProcessMemory request was completed. (0x12B)
[0917/072513.506:WARNING:pe_image_reader.cc(340)] could not read dos header from C:\Windows\System32\profapi.dll
[0917/072513.506:ERROR:process_memory_win.cc(73)] ReadMemory at 0x7fffc0640000 of 64 bytes failed: Only part of a ReadProcessMemory or WriteProcessMemory request was completed. (0x12B)
[0917/072513.506:WARNING:pe_image_reader.cc(340)] could not read dos header from C:\Windows\SYSTEM32\DWrite.dll
[0917/072513.506:ERROR:process_memory_win.cc(73)] ReadMemory at 0x7fffbc960000 of 64 bytes failed: Only part of a ReadProcessMemory or WriteProcessMemory request was completed. (0x12B)
[0917/072513.506:WARNING:pe_image_reader.cc(340)] could not read dos header from C:\Windows\SYSTEM32\WINSPOOL.DRV
[0917/072513.506:ERROR:process_memory_win.cc(73)] ReadMemory at 0x7fffcc110000 of 64 bytes failed: Only part of a ReadProcessMemory or WriteProcessMemory request was completed. (0x12B)
[0917/072513.506:WARNING:pe_image_reader.cc(340)] could not read dos header from C:\Windows\System32\kernel.appcore.dll
[0917/072513.506:ERROR:process_memory_win.cc(73)] ReadMemory at 0x7fffcc320000 of 64 bytes failed: Only part of a ReadProcessMemory or WriteProcessMemory request was completed. (0x12B)
[0917/072513.506:WARNING:pe_image_reader.cc(340)] could not read dos header from C:\Windows\System32\bcrypt.dll
[0917/072513.507:ERROR:process_memory_win.cc(73)] ReadMemory at 0x7fffb1730000 of 64 bytes failed: Only part of a ReadProcessMemory or WriteProcessMemory request was completed. (0x12B)
[0917/072513.507:WARNING:pe_image_reader.cc(340)] could not read dos header from C:\Windows\SYSTEM32\dbghelp.dll
[0917/072513.507:ERROR:process_memory_win.cc(73)] ReadMemory at 0x7fffbfd60000 of 64 bytes failed: Only part of a ReadProcessMemory or WriteProcessMemory request was completed. (0x12B)
[0917/072513.507:WARNING:pe_image_reader.cc(340)] could not read dos header from C:\Windows\SYSTEM32\WINHTTP.dll
[0917/072513.507:ERROR:process_memory_win.cc(73)] ReadMemory at 0x7fffc50d0000 of 64 bytes failed: Only part of a ReadProcessMemory or WriteProcessMemory request was completed. (0x12B)
[0917/072513.507:WARNING:pe_image_reader.cc(340)] could not read dos header from C:\Windows\SYSTEM32\dhcpcsvc.DLL
[0917/072513.507:ERROR:process_memory_win.cc(73)] ReadMemory at 0x7fffce680000 of 64 bytes failed: Only part of a ReadProcessMemory or WriteProcessMemory request was completed. (0x12B)
[0917/072513.507:WARNING:pe_image_reader.cc(340)] could not read dos header from C:\Windows\System32\NSI.dll
[0917/072513.507:ERROR:process_memory_win.cc(73)] ReadMemory at 0x7fffca1d0000 of 64 bytes failed: Only part of a ReadProcessMemory or WriteProcessMemory request was completed. (0x12B)
[0917/072513.507:WARNING:pe_image_reader.cc(340)] could not read dos header from C:\Windows\SYSTEM32\WINMMBASE.dll
[0917/072513.508:ERROR:process_memory_win.cc(73)] ReadMemory at 0x7fffcc350000 of 64 bytes failed: Only part of a ReadProcessMemory or WriteProcessMemory request was completed. (0x12B)
[0917/072513.508:WARNING:pe_image_reader.cc(340)] could not read dos header from C:\Windows\System32\cfgmgr32.dll
[0917/072513.508:ERROR:process_memory_win.cc(73)] ReadMemory at 0x7fffc9710000 of 64 bytes failed: Only part of a ReadProcessMemory or WriteProcessMemory request was completed. (0x12B)
[0917/072513.508:WARNING:pe_image_reader.cc(340)] could not read dos header from C:\Windows\SYSTEM32\PROPSYS.dll
[0917/072513.508:ERROR:process_memory_win.cc(73)] ReadMemory at 0x7fffce560000 of 64 bytes failed: Only part of a ReadProcessMemory or WriteProcessMemory request was completed. (0x12B)
[0917/072513.508:WARNING:pe_image_reader.cc(340)] could not read dos header from C:\Windows\System32\shcore.dll
[0917/072513.508:ERROR:process_memory_win.cc(73)] ReadMemory at 0x7fffcbfe0000 of 64 bytes failed: Only part of a ReadProcessMemory or WriteProcessMemory request was completed. (0x12B)
[0917/072513.508:WARNING:pe_image_reader.cc(340)] could not read dos header from C:\Windows\SYSTEM32\SSPICLI.DLL
[0917/072513.508:ERROR:process_memory_win.cc(73)] ReadMemory at 0x7fffcbb20000 of 64 bytes failed: Only part of a ReadProcessMemory or WriteProcessMemory request was completed. (0x12B)
[0917/072513.508:WARNING:pe_image_reader.cc(340)] could not read dos header from C:\Windows\SYSTEM32\CRYPTBASE.DLL
[0917/072514.232:ERROR:process_memory_win.cc(73)] ReadMemory at 0x7ff681b20000 of 64 bytes failed: Only part of a ReadProcessMemory or WriteProcessMemory request was completed. (0x12B)
[0917/072514.232:WARNING:pe_image_reader.cc(340)] could not read dos header from C:\Program Files (x86)\Google\Chrome\Application\chrome.exe
[0917/072514.232:ERROR:process_memory_win.cc(73)] ReadMemory at 0x7fffcf240000 of 64 bytes failed: Only part of a ReadProcessMemory or WriteProcessMemory request was completed. (0x12B)
[0917/072514.232:WARNING:pe_image_reader.cc(340)] could not read dos header from C:\Windows\SYSTEM32\ntdll.dll
[0917/072514.232:ERROR:process_memory_win.cc(73)] ReadMemory at 0x7fffcdc00000 of 64 bytes failed: Only part of a ReadProcessMemory or WriteProcessMemory request was completed. (0x12B)
[0917/072514.232:WARNING:pe_image_reader.cc(340)] could not read dos header from C:\Windows\System32\KERNEL32.DLL
[0917/072514.232:ERROR:process_memory_win.cc(73)] ReadMemory at 0x7fffcc3a0000 of 64 bytes failed: Only part of a ReadProcessMemory or WriteProcessMemory request was completed. (0x12B)
[0917/072514.233:WARNING:pe_image_reader.cc(340)] could not read dos header from C:\Windows\System32\KERNELBASE.dll
[0917/072514.233:ERROR:process_memory_win.cc(73)] ReadMemory at 0x7fff87190000 of 64 bytes failed: Only part of a ReadProcessMemory or WriteProcessMemory request was completed. (0x12B)
[0917/072514.233:WARNING:pe_image_reader.cc(340)] could not read dos header from C:\Program Files (x86)\Google\Chrome\Application\85.0.4183.102\chrome_elf.dll
[0917/072514.233:ERROR:process_memory_win.cc(73)] ReadMemory at 0x7fffc5d60000 of 64 bytes failed: Only part of a ReadProcessMemory or WriteProcessMemory request was completed. (0x12B)
[0917/072514.233:WARNING:pe_image_reader.cc(340)] could not read dos header from C:\Windows\SYSTEM32\VERSION.dll
[0917/072514.233:ERROR:process_memory_win.cc(73)] ReadMemory at 0x7fffcd370000 of 64 bytes failed: Only part of a ReadProcessMemory or WriteProcessMemory request was completed. (0x12B)
[0917/072514.233:WARNING:pe_image_reader.cc(340)] could not read dos header from C:\Windows\System32\msvcrt.dll
[0917/072514.233:ERROR:process_memory_win.cc(73)] ReadMemory at 0x7fffccf70000 of 64 bytes failed: Only part of a ReadProcessMemory or WriteProcessMemory request was completed. (0x12B)
[0917/072514.233:WARNING:pe_image_reader.cc(340)] could not read dos header from C:\Windows\System32\bcryptPrimitives.dll
[0917/072514.233:ERROR:process_memory_win.cc(73)] ReadMemory at 0x7fffcd810000 of 64 bytes failed: Only part of a ReadProcessMemory or WriteProcessMemory request was completed. (0x12B)
[0917/072514.234:WARNING:pe_image_reader.cc(340)] could not read dos header from C:\Windows\System32\ADVAPI32.dll
[0917/072514.234:ERROR:process_memory_win.cc(73)] ReadMemory at 0x7fffceaa0000 of 64 bytes failed: Only part of a ReadProcessMemory or WriteProcessMemory request was completed. (0x12B)
[0917/072514.234:WARNING:pe_image_reader.cc(340)] could not read dos header from C:\Windows\System32\sechost.dll
[0917/072514.234:ERROR:process_memory_win.cc(73)] ReadMemory at 0x7fffcec10000 of 64 bytes failed: Only part of a ReadProcessMemory or WriteProcessMemory request was completed. (0x12B)
[0917/072514.234:WARNING:pe_image_reader.cc(340)] could not read dos header from C:\Windows\System32\RPCRT4.dll
[0917/072514.234:ERROR:process_memory_win.cc(73)] ReadMemory at 0x7fff7d520000 of 64 bytes failed: Only part of a ReadProcessMemory or WriteProcessMemory request was completed. (0x12B)
[0917/072514.235:WARNING:pe_image_reader.cc(340)] could not read dos header from C:\Program Files (x86)\Google\Chrome\Application\85.0.4183.102\chrome.dll
[0917/072514.235:ERROR:process_memory_win.cc(73)] ReadMemory at 0x7fffce610000 of 64 bytes failed: Only part of a ReadProcessMemory or WriteProcessMemory request was completed. (0x12B)
[0917/072514.235:WARNING:pe_image_reader.cc(340)] could not read dos header from C:\Windows\System32\WS2_32.dll
[0917/072514.235:ERROR:process_memory_win.cc(73)] ReadMemory at 0x7fffcd6e0000 of 64 bytes failed: Only part of a ReadProcessMemory or WriteProcessMemory request was completed. (0x12B)
[0917/072514.235:WARNING:pe_image_reader.cc(340)] could not read dos header from C:\Windows\System32\OLEAUT32.dll
[0917/072514.235:ERROR:process_memory_win.cc(73)] ReadMemory at 0x7fffccdd0000 of 64 bytes failed: Only part of a ReadProcessMemory or WriteProcessMemory request was completed. (0x12B)
[0917/072514.236:WARNING:pe_image_reader.cc(340)] could not read dos header from C:\Windows\System32\msvcp_win.dll
[0917/072514.236:ERROR:process_memory_win.cc(73)] ReadMemory at 0x7fffccff0000 of 64 bytes failed: Only part of a ReadProcessMemory or WriteProcessMemory request was completed. (0x12B)
[0917/072514.236:WARNING:pe_image_reader.cc(340)] could not read dos header from C:\Windows\System32\ucrtbase.dll
[0917/072514.236:ERROR:process_memory_win.cc(73)] ReadMemory at 0x7fffcd8c0000 of 64 bytes failed: Only part of a ReadProcessMemory or WriteProcessMemory request was completed. (0x12B)
[0917/072514.236:WARNING:pe_image_reader.cc(340)] could not read dos header from C:\Windows\System32\combase.dll
[0917/072514.236:ERROR:process_memory_win.cc(73)] ReadMemory at 0x7fffcd0f0000 of 64 bytes failed: Only part of a ReadProcessMemory or WriteProcessMemory request was completed. (0x12B)
[0917/072514.236:WARNING:pe_image_reader.cc(340)] could not read dos header from C:\Windows\System32\WINTRUST.dll
[0917/072514.236:ERROR:process_memory_win.cc(73)] ReadMemory at 0x7fffcc160000 of 64 bytes failed: Only part of a ReadProcessMemory or WriteProcessMemory request was completed. (0x12B)
[0917/072514.236:WARNING:pe_image_reader.cc(340)] could not read dos header from C:\Windows\System32\MSASN1.dll
[0917/072514.236:ERROR:process_memory_win.cc(73)] ReadMemory at 0x7fffcc1d0000 of 64 bytes failed: Only part of a ReadProcessMemory or WriteProcessMemory request was completed. (0x12B)
[0917/072514.236:WARNING:pe_image_reader.cc(340)] could not read dos header from C:\Windows\System32\CRYPT32.dll
[0917/072514.237:ERROR:process_memory_win.cc(73)] ReadMemory at 0x7fffcb660000 of 64 bytes failed: Only part of a ReadProcessMemory or WriteProcessMemory request was completed. (0x12B)
[0917/072514.237:WARNING:pe_image_reader.cc(340)] could not read dos header from C:\Windows\SYSTEM32\IPHLPAPI.DLL
[0917/072514.237:ERROR:process_memory_win.cc(73)] ReadMemory at 0x7fffca200000 of 64 bytes failed: Only part of a ReadProcessMemory or WriteProcessMemory request was completed. (0x12B)
[0917/072514.237:WARNING:pe_image_reader.cc(340)] could not read dos header from C:\Windows\SYSTEM32\WINMM.dll
[0917/072514.237:ERROR:process_memory_win.cc(73)] ReadMemory at 0x7fffa0370000 of 64 bytes failed: Only part of a ReadProcessMemory or WriteProcessMemory request was completed. (0x12B)
[0917/072514.237:WARNING:pe_image_reader.cc(340)] could not read dos header from C:\Windows\SYSTEM32\UIAutomationCore.DLL
[0917/072514.237:ERROR:process_memory_win.cc(73)] ReadMemory at 0x7fffbe140000 of 64 bytes failed: Only part of a ReadProcessMemory or WriteProcessMemory request was completed. (0x12B)
[0917/072514.237:WARNING:pe_image_reader.cc(340)] could not read dos header from C:\Windows\SYSTEM32\Secur32.dll
[0917/072514.237:ERROR:process_memory_win.cc(73)] ReadMemory at 0x7fffcc020000 of 64 bytes failed: Only part of a ReadProcessMemory or WriteProcessMemory request was completed. (0x12B)
[0917/072514.237:WARNING:pe_image_reader.cc(340)] could not read dos header from C:\Windows\SYSTEM32\USERENV.dll
[0917/072514.237:ERROR:process_memory_win.cc(73)] ReadMemory at 0x7fffcc130000 of 64 bytes failed: Only part of a ReadProcessMemory or WriteProcessMemory request was completed. (0x12B)
[0917/072514.238:WARNING:pe_image_reader.cc(340)] could not read dos header from C:\Windows\System32\profapi.dll
[0917/072514.238:ERROR:process_memory_win.cc(73)] ReadMemory at 0x7fffc0640000 of 64 bytes failed: Only part of a ReadProcessMemory or WriteProcessMemory request was completed. (0x12B)
[0917/072514.238:WARNING:pe_image_reader.cc(340)] could not read dos header from C:\Windows\SYSTEM32\DWrite.dll
[0917/072514.238:ERROR:process_memory_win.cc(73)] ReadMemory at 0x7fffbc960000 of 64 bytes failed: Only part of a ReadProcessMemory or WriteProcessMemory request was completed. (0x12B)
[0917/072514.238:WARNING:pe_image_reader.cc(340)] could not read dos header from C:\Windows\SYSTEM32\WINSPOOL.DRV
[0917/072514.238:ERROR:process_memory_win.cc(73)] ReadMemory at 0x7fffcc110000 of 64 bytes failed: Only part of a ReadProcessMemory or WriteProcessMemory request was completed. (0x12B)
[0917/072514.238:WARNING:pe_image_reader.cc(340)] could not read dos header from C:\Windows\System32\kernel.appcore.dll
[0917/072514.238:ERROR:process_memory_win.cc(73)] ReadMemory at 0x7fffcc320000 of 64 bytes failed: Only part of a ReadProcessMemory or WriteProcessMemory request was completed. (0x12B)
[0917/072514.238:WARNING:pe_image_reader.cc(340)] could not read dos header from C:\Windows\System32\bcrypt.dll
[0917/072514.238:ERROR:process_memory_win.cc(73)] ReadMemory at 0x7fffb1730000 of 64 bytes failed: Only part of a ReadProcessMemory or WriteProcessMemory request was completed. (0x12B)
[0917/072514.238:WARNING:pe_image_reader.cc(340)] could not read dos header from C:\Windows\SYSTEM32\dbghelp.dll
[0917/072514.239:ERROR:process_memory_win.cc(73)] ReadMemory at 0x7fffbfd60000 of 64 bytes failed: Only part of a ReadProcessMemory or WriteProcessMemory request was completed. (0x12B)
[0917/072514.239:WARNING:pe_image_reader.cc(340)] could not read dos header from C:\Windows\SYSTEM32\WINHTTP.dll
[0917/072514.239:ERROR:process_memory_win.cc(73)] ReadMemory at 0x7fffc50d0000 of 64 bytes failed: Only part of a ReadProcessMemory or WriteProcessMemory request was completed. (0x12B)
[0917/072514.239:WARNING:pe_image_reader.cc(340)] could not read dos header from C:\Windows\SYSTEM32\dhcpcsvc.DLL
[0917/072514.239:ERROR:process_memory_win.cc(73)] ReadMemory at 0x7fffce680000 of 64 bytes failed: Only part of a ReadProcessMemory or WriteProcessMemory request was completed. (0x12B)
[0917/072514.239:WARNING:pe_image_reader.cc(340)] could not read dos header from C:\Windows\System32\NSI.dll
[0917/072514.239:ERROR:process_memory_win.cc(73)] ReadMemory at 0x7fffca1d0000 of 64 bytes failed: Only part of a ReadProcessMemory or WriteProcessMemory request was completed. (0x12B)
[0917/072514.239:WARNING:pe_image_reader.cc(340)] could not read dos header from C:\Windows\SYSTEM32\WINMMBASE.dll
[0917/072514.239:ERROR:process_memory_win.cc(73)] ReadMemory at 0x7fffcc350000 of 64 bytes failed: Only part of a ReadProcessMemory or WriteProcessMemory request was completed. (0x12B)
[0917/072514.239:WARNING:pe_image_reader.cc(340)] could not read dos header from C:\Windows\System32\cfgmgr32.dll
[0917/072514.239:ERROR:process_memory_win.cc(73)] ReadMemory at 0x7fffc9710000 of 64 bytes failed: Only part of a ReadProcessMemory or WriteProcessMemory request was completed. (0x12B)
[0917/072514.240:WARNING:pe_image_reader.cc(340)] could not read dos header from C:\Windows\SYSTEM32\PROPSYS.dll
[0917/072514.240:ERROR:process_memory_win.cc(73)] ReadMemory at 0x7fffce560000 of 64 bytes failed: Only part of a ReadProcessMemory or WriteProcessMemory request was completed. (0x12B)
[0917/072514.240:WARNING:pe_image_reader.cc(340)] could not read dos header from C:\Windows\System32\shcore.dll
[0917/072514.240:ERROR:process_memory_win.cc(73)] ReadMemory at 0x7fffcbfe0000 of 64 bytes failed: Only part of a ReadProcessMemory or WriteProcessMemory request was completed. (0x12B)
[0917/072514.240:WARNING:pe_image_reader.cc(340)] could not read dos header from C:\Windows\SYSTEM32\SSPICLI.DLL
[0917/072514.240:ERROR:process_memory_win.cc(73)] ReadMemory at 0x7fffcbb20000 of 64 bytes failed: Only part of a ReadProcessMemory or WriteProcessMemory request was completed. (0x12B)
[0917/072514.240:WARNING:pe_image_reader.cc(340)] could not read dos header from C:\Windows\SYSTEM32\CRYPTBASE.DLL
[0917/072514.240:ERROR:process_memory_win.cc(73)] ReadMemory at 0x7ff681b20000 of 64 bytes failed: Only part of a ReadProcessMemory or WriteProcessMemory request was completed. (0x12B)
[0917/072514.240:WARNING:pe_image_reader.cc(340)] could not read dos header from C:\Program Files (x86)\Google\Chrome\Application\chrome.exe
[0917/072514.240:ERROR:process_memory_win.cc(73)] ReadMemory at 0x7fffcf240000 of 64 bytes failed: Only part of a ReadProcessMemory or WriteProcessMemory request was completed. (0x12B)
[0917/072514.240:WARNING:pe_image_reader.cc(340)] could not read dos header from C:\Windows\SYSTEM32\ntdll.dll
[0917/072514.241:ERROR:process_memory_win.cc(73)] ReadMemory at 0x7fffcdc00000 of 64 bytes failed: Only part of a ReadProcessMemory or WriteProcessMemory request was completed. (0x12B)
[0917/072514.241:WARNING:pe_image_reader.cc(340)] could not read dos header from C:\Windows\System32\KERNEL32.DLL
[0917/072514.241:ERROR:process_memory_win.cc(73)] ReadMemory at 0x7fffcc3a0000 of 64 bytes failed: Only part of a ReadProcessMemory or WriteProcessMemory request was completed. (0x12B)
[0917/072514.241:WARNING:pe_image_reader.cc(340)] could not read dos header from C:\Windows\System32\KERNELBASE.dll
[0917/072514.241:ERROR:process_memory_win.cc(73)] ReadMemory at 0x7fff87190000 of 64 bytes failed: Only part of a ReadProcessMemory or WriteProcessMemory request was completed. (0x12B)
[0917/072514.241:WARNING:pe_image_reader.cc(340)] could not read dos header from C:\Program Files (x86)\Google\Chrome\Application\85.0.4183.102\chrome_elf.dll
[0917/072514.241:ERROR:process_memory_win.cc(73)] ReadMemory at 0x7fffc5d60000 of 64 bytes failed: Only part of a ReadProcessMemory or WriteProcessMemory request was completed. (0x12B)
[0917/072514.241:WARNING:pe_image_reader.cc(340)] could not read dos header from C:\Windows\SYSTEM32\VERSION.dll
[0917/072514.241:ERROR:process_memory_win.cc(73)] ReadMemory at 0x7fffcd370000 of 64 bytes failed: Only part of a ReadProcessMemory or WriteProcessMemory request was completed. (0x12B)
[0917/072514.241:WARNING:pe_image_reader.cc(340)] could not read dos header from C:\Windows\System32\msvcrt.dll
[0917/072514.241:ERROR:process_memory_win.cc(73)] ReadMemory at 0x7fffccf70000 of 64 bytes failed: Only part of a ReadProcessMemory or WriteProcessMemory request was completed. (0x12B)
[0917/072514.242:WARNING:pe_image_reader.cc(340)] could not read dos header from C:\Windows\System32\bcryptPrimitives.dll
[0917/072514.242:ERROR:process_memory_win.cc(73)] ReadMemory at 0x7fffcd810000 of 64 bytes failed: Only part of a ReadProcessMemory or WriteProcessMemory request was completed. (0x12B)
[0917/072514.242:WARNING:pe_image_reader.cc(340)] could not read dos header from C:\Windows\System32\ADVAPI32.dll
[0917/072514.242:ERROR:process_memory_win.cc(73)] ReadMemory at 0x7fffceaa0000 of 64 bytes failed: Only part of a ReadProcessMemory or WriteProcessMemory request was completed. (0x12B)
[0917/072514.242:WARNING:pe_image_reader.cc(340)] could not read dos header from C:\Windows\System32\sechost.dll
[0917/072514.242:ERROR:process_memory_win.cc(73)] ReadMemory at 0x7fffcec10000 of 64 bytes failed: Only part of a ReadProcessMemory or WriteProcessMemory request was completed. (0x12B)
[0917/072514.242:WARNING:pe_image_reader.cc(340)] could not read dos header from C:\Windows\System32\RPCRT4.dll
[0917/072514.242:ERROR:process_memory_win.cc(73)] ReadMemory at 0x7fff7d520000 of 64 bytes failed: Only part of a ReadProcessMemory or WriteProcessMemory request was completed. (0x12B)
[0917/072514.242:WARNING:pe_image_reader.cc(340)] could not read dos header from C:\Program Files (x86)\Google\Chrome\Application\85.0.4183.102\chrome.dll
[0917/072514.242:ERROR:process_memory_win.cc(73)] ReadMemory at 0x7fffce610000 of 64 bytes failed: Only part of a ReadProcessMemory or WriteProcessMemory request was completed. (0x12B)
[0917/072514.242:WARNING:pe_image_reader.cc(340)] could not read dos header from C:\Windows\System32\WS2_32.dll
[0917/072514.243:ERROR:process_memory_win.cc(73)] ReadMemory at 0x7fffcd6e0000 of 64 bytes failed: Only part of a ReadProcessMemory or WriteProcessMemory request was completed. (0x12B)
[0917/072514.243:WARNING:pe_image_reader.cc(340)] could not read dos header from C:\Windows\System32\OLEAUT32.dll
[0917/072514.243:ERROR:process_memory_win.cc(73)] ReadMemory at 0x7fffccdd0000 of 64 bytes failed: Only part of a ReadProcessMemory or WriteProcessMemory request was completed. (0x12B)
[0917/072514.243:WARNING:pe_image_reader.cc(340)] could not read dos header from C:\Windows\System32\msvcp_win.dll
[0917/072514.243:ERROR:process_memory_win.cc(73)] ReadMemory at 0x7fffccff0000 of 64 bytes failed: Only part of a ReadProcessMemory or WriteProcessMemory request was completed. (0x12B)
[0917/072514.243:WARNING:pe_image_reader.cc(340)] could not read dos header from C:\Windows\System32\ucrtbase.dll
[0917/072514.243:ERROR:process_memory_win.cc(73)] ReadMemory at 0x7fffcd8c0000 of 64 bytes failed: Only part of a ReadProcessMemory or WriteProcessMemory request was completed. (0x12B)
[0917/072514.243:WARNING:pe_image_reader.cc(340)] could not read dos header from C:\Windows\System32\combase.dll
[0917/072514.243:ERROR:process_memory_win.cc(73)] ReadMemory at 0x7fffcd0f0000 of 64 bytes failed: Only part of a ReadProcessMemory or WriteProcessMemory request was completed. (0x12B)
[0917/072514.243:WARNING:pe_image_reader.cc(340)] could not read dos header from C:\Windows\System32\WINTRUST.dll
[0917/072514.244:ERROR:process_memory_win.cc(73)] ReadMemory at 0x7fffcc160000 of 64 bytes failed: Only part of a ReadProcessMemory or WriteProcessMemory request was completed. (0x12B)
[0917/072514.244:WARNING:pe_image_reader.cc(340)] could not read dos header from C:\Windows\System32\MSASN1.dll
[0917/072514.244:ERROR:process_memory_win.cc(73)] ReadMemory at 0x7fffcc1d0000 of 64 bytes failed: Only part of a ReadProcessMemory or WriteProcessMemory request was completed. (0x12B)
[0917/072514.244:WARNING:pe_image_reader.cc(340)] could not read dos header from C:\Windows\System32\CRYPT32.dll
[0917/072514.244:ERROR:process_memory_win.cc(73)] ReadMemory at 0x7fffcb660000 of 64 bytes failed: Only part of a ReadProcessMemory or WriteProcessMemory request was completed. (0x12B)
[0917/072514.244:WARNING:pe_image_reader.cc(340)] could not read dos header from C:\Windows\SYSTEM32\IPHLPAPI.DLL
[0917/072514.244:ERROR:process_memory_win.cc(73)] ReadMemory at 0x7fffca200000 of 64 bytes failed: Only part of a ReadProcessMemory or WriteProcessMemory request was completed. (0x12B)
[0917/072514.244:WARNING:pe_image_reader.cc(340)] could not read dos header from C:\Windows\SYSTEM32\WINMM.dll
[0917/072514.244:ERROR:process_memory_win.cc(73)] ReadMemory at 0x7fffa0370000 of 64 bytes failed: Only part of a ReadProcessMemory or WriteProcessMemory request was completed. (0x12B)
[0917/072514.244:WARNING:pe_image_reader.cc(340)] could not read dos header from C:\Windows\SYSTEM32\UIAutomationCore.DLL
[0917/072514.244:ERROR:process_memory_win.cc(73)] ReadMemory at 0x7fffbe140000 of 64 bytes failed: Only part of a ReadProcessMemory or WriteProcessMemory request was completed. (0x12B)
[0917/072514.244:WARNING:pe_image_reader.cc(340)] could not read dos header from C:\Windows\SYSTEM32\Secur32.dll
[0917/072514.245:ERROR:process_memory_win.cc(73)] ReadMemory at 0x7fffcc020000 of 64 bytes failed: Only part of a ReadProcessMemory or WriteProcessMemory request was completed. (0x12B)
[0917/072514.245:WARNING:pe_image_reader.cc(340)] could not read dos header from C:\Windows\SYSTEM32\USERENV.dll
[0917/072514.245:ERROR:process_memory_win.cc(73)] ReadMemory at 0x7fffcc130000 of 64 bytes failed: Only part of a ReadProcessMemory or WriteProcessMemory request was completed. (0x12B)
[0917/072514.245:WARNING:pe_image_reader.cc(340)] could not read dos header from C:\Windows\System32\profapi.dll
[0917/072514.245:ERROR:process_memory_win.cc(73)] ReadMemory at 0x7fffc0640000 of 64 bytes failed: Only part of a ReadProcessMemory or WriteProcessMemory request was completed. (0x12B)
[0917/072514.245:WARNING:pe_image_reader.cc(340)] could not read dos header from C:\Windows\SYSTEM32\DWrite.dll
[0917/072514.245:ERROR:process_memory_win.cc(73)] ReadMemory at 0x7fffbc960000 of 64 bytes failed: Only part of a ReadProcessMemory or WriteProcessMemory request was completed. (0x12B)
[0917/072514.245:WARNING:pe_image_reader.cc(340)] could not read dos header from C:\Windows\SYSTEM32\WINSPOOL.DRV
[0917/072514.245:ERROR:process_memory_win.cc(73)] ReadMemory at 0x7fffcc110000 of 64 bytes failed: Only part of a ReadProcessMemory or WriteProcessMemory request was completed. (0x12B)
[0917/072514.245:WARNING:pe_image_reader.cc(340)] could not read dos header from C:\Windows\System32\kernel.appcore.dll
[0917/072514.246:ERROR:process_memory_win.cc(73)] ReadMemory at 0x7fffcc320000 of 64 bytes failed: Only part of a ReadProcessMemory or WriteProcessMemory request was completed. (0x12B)
[0917/072514.246:WARNING:pe_image_reader.cc(340)] could not read dos header from C:\Windows\System32\bcrypt.dll
[0917/072514.246:ERROR:process_memory_win.cc(73)] ReadMemory at 0x7fffb1730000 of 64 bytes failed: Only part of a ReadProcessMemory or WriteProcessMemory request was completed. (0x12B)
[0917/072514.246:WARNING:pe_image_reader.cc(340)] could not read dos header from C:\Windows\SYSTEM32\dbghelp.dll
[0917/072514.246:ERROR:process_memory_win.cc(73)] ReadMemory at 0x7fffbfd60000 of 64 bytes failed: Only part of a ReadProcessMemory or WriteProcessMemory request was completed. (0x12B)
[0917/072514.246:WARNING:pe_image_reader.cc(340)] could not read dos header from C:\Windows\SYSTEM32\WINHTTP.dll
[0917/072514.246:ERROR:process_memory_win.cc(73)] ReadMemory at 0x7fffc50d0000 of 64 bytes failed: Only part of a ReadProcessMemory or WriteProcessMemory request was completed. (0x12B)
[0917/072514.246:WARNING:pe_image_reader.cc(340)] could not read dos header from C:\Windows\SYSTEM32\dhcpcsvc.DLL
[0917/072514.247:ERROR:process_memory_win.cc(73)] ReadMemory at 0x7fffce680000 of 64 bytes failed: Only part of a ReadProcessMemory or WriteProcessMemory request was completed. (0x12B)
[0917/072514.247:WARNING:pe_image_reader.cc(340)] could not read dos header from C:\Windows\System32\NSI.dll
[0917/072514.247:ERROR:process_memory_win.cc(73)] ReadMemory at 0x7fffca1d0000 of 64 bytes failed: Only part of a ReadProcessMemory or WriteProcessMemory request was completed. (0x12B)
[0917/072514.247:WARNING:pe_image_reader.cc(340)] could not read dos header from C:\Windows\SYSTEM32\WINMMBASE.dll
[0917/072514.247:ERROR:process_memory_win.cc(73)] ReadMemory at 0x7fffcc350000 of 64 bytes failed: Only part of a ReadProcessMemory or WriteProcessMemory request was completed. (0x12B)
[0917/072514.247:WARNING:pe_image_reader.cc(340)] could not read dos header from C:\Windows\System32\cfgmgr32.dll
[0917/072514.247:ERROR:process_memory_win.cc(73)] ReadMemory at 0x7fffc9710000 of 64 bytes failed: Only part of a ReadProcessMemory or WriteProcessMemory request was completed. (0x12B)
[0917/072514.248:WARNING:pe_image_reader.cc(340)] could not read dos header from C:\Windows\SYSTEM32\PROPSYS.dll
[0917/072514.248:ERROR:process_memory_win.cc(73)] ReadMemory at 0x7fffce560000 of 64 bytes failed: Only part of a ReadProcessMemory or WriteProcessMemory request was completed. (0x12B)
[0917/072514.248:WARNING:pe_image_reader.cc(340)] could not read dos header from C:\Windows\System32\shcore.dll
[0917/072514.248:ERROR:process_memory_win.cc(73)] ReadMemory at 0x7fffcbfe0000 of 64 bytes failed: Only part of a ReadProcessMemory or WriteProcessMemory request was completed. (0x12B)
[0917/072514.248:WARNING:pe_image_reader.cc(340)] could not read dos header from C:\Windows\SYSTEM32\SSPICLI.DLL
[0917/072514.248:ERROR:process_memory_win.cc(73)] ReadMemory at 0x7fffcbb20000 of 64 bytes failed: Only part of a ReadProcessMemory or WriteProcessMemory request was completed. (0x12B)
[0917/072514.248:WARNING:pe_image_reader.cc(340)] could not read dos header from C:\Windows\SYSTEM32\CRYPTBASE.DLL
[0917/072514.478:ERROR:process_memory_win.cc(73)] ReadMemory at 0x97921f1000 of 61440 bytes failed: Only part of a ReadProcessMemory or WriteProcessMemory request was completed. (0x12B)
[0917/072514.478:ERROR:process_memory_win.cc(73)] ReadMemory at 0x97929fd000 of 12288 bytes failed: Only part of a ReadProcessMemory or WriteProcessMemory request was completed. (0x12B)
[0917/072514.478:ERROR:process_memory_win.cc(73)] ReadMemory at 0x97931fc000 of 16384 bytes failed: Only part of a ReadProcessMemory or WriteProcessMemory request was completed. (0x12B)
[0917/072514.479:ERROR:process_memory_win.cc(73)] ReadMemory at 0x97939fc000 of 16384 bytes failed: Only part of a ReadProcessMemory or WriteProcessMemory request was completed. (0x12B)
[0917/072514.479:ERROR:process_memory_win.cc(73)] ReadMemory at 0x97941fc000 of 16384 bytes failed: Only part of a ReadProcessMemory or WriteProcessMemory request was completed. (0x12B)
[0917/072514.479:ERROR:process_memory_win.cc(73)] ReadMemory at 0x97949ff000 of 4096 bytes failed: Only part of a ReadProcessMemory or WriteProcessMemory request was completed. (0x12B)
[0917/072514.479:ERROR:process_memory_win.cc(73)] ReadMemory at 0x97951fd000 of 12288 bytes failed: Only part of a ReadProcessMemory or WriteProcessMemory request was completed. (0x12B)
[0917/072514.479:ERROR:process_memory_win.cc(73)] ReadMemory at 0x97959fc000 of 16384 bytes failed: Only part of a ReadProcessMemory or WriteProcessMemory request was completed. (0x12B)
[0917/072514.479:ERROR:process_memory_win.cc(73)] ReadMemory at 0x97969fd000 of 12288 bytes failed: Only part of a ReadProcessMemory or WriteProcessMemory request was completed. (0x12B)
[0917/072514.479:ERROR:process_memory_win.cc(73)] ReadMemory at 0x97971fd000 of 12288 bytes failed: Only part of a ReadProcessMemory or WriteProcessMemory request was completed. (0x12B)
[0917/072514.480:ERROR:process_memory_win.cc(73)] ReadMemory at 0x97979fd000 of 12288 bytes failed: Only part of a ReadProcessMemory or WriteProcessMemory request was completed. (0x12B)
[0917/072514.480:ERROR:process_memory_win.cc(73)] ReadMemory at 0x97981fd000 of 12288 bytes failed: Only part of a ReadProcessMemory or WriteProcessMemory request was completed. (0x12B)
[0917/072514.480:ERROR:process_memory_win.cc(73)] ReadMemory at 0x97989fd000 of 12288 bytes failed: Only part of a ReadProcessMemory or WriteProcessMemory request was completed. (0x12B)
[0917/072514.480:ERROR:process_memory_win.cc(73)] ReadMemory at 0x97991fd000 of 12288 bytes failed: Only part of a ReadProcessMemory or WriteProcessMemory request was completed. (0x12B)
[0917/072514.480:ERROR:process_memory_win.cc(73)] ReadMemory at 0x97961fe000 of 8192 bytes failed: Only part of a ReadProcessMemory or WriteProcessMemory request was completed. (0x12B)
[0917/072514.684:ERROR:process_memory_win.cc(73)] ReadMemory at 0x9791802000 of 6024 bytes failed: Only part of a ReadProcessMemory or WriteProcessMemory request was completed. (0x12B)
[0917/072514.684:ERROR:process_memory_win.cc(73)] ReadMemory at 0x9791804000 of 6024 bytes failed: Only part of a ReadProcessMemory or WriteProcessMemory request was completed. (0x12B)
[0917/072514.684:ERROR:process_memory_win.cc(73)] ReadMemory at 0x9791806000 of 6024 bytes failed: Only part of a ReadProcessMemory or WriteProcessMemory request was completed. (0x12B)
[0917/072514.684:ERROR:process_memory_win.cc(73)] ReadMemory at 0x9791808000 of 6024 bytes failed: Only part of a ReadProcessMemory or WriteProcessMemory request was completed. (0x12B)
[0917/072514.684:ERROR:process_memory_win.cc(73)] ReadMemory at 0x979180a000 of 6024 bytes failed: Only part of a ReadProcessMemory or WriteProcessMemory request was completed. (0x12B)
[0917/072514.684:ERROR:process_memory_win.cc(73)] ReadMemory at 0x979180c000 of 6024 bytes failed: Only part of a ReadProcessMemory or WriteProcessMemory request was completed. (0x12B)
[0917/072514.685:ERROR:process_memory_win.cc(73)] ReadMemory at 0x979180e000 of 6024 bytes failed: Only part of a ReadProcessMemory or WriteProcessMemory request was completed. (0x12B)
[0917/072514.685:ERROR:process_memory_win.cc(73)] ReadMemory at 0x97919ee000 of 852 bytes failed: Only part of a ReadProcessMemory or WriteProcessMemory request was completed. (0x12B)
[0917/072514.685:ERROR:process_memory_win.cc(73)] ReadMemory at 0x97919ef000 of 6024 bytes failed: Only part of a ReadProcessMemory or WriteProcessMemory request was completed. (0x12B)
[0917/072514.685:ERROR:process_memory_win.cc(73)] ReadMemory at 0x97919f1000 of 6024 bytes failed: Only part of a ReadProcessMemory or WriteProcessMemory request was completed. (0x12B)
[0917/072514.685:ERROR:process_memory_win.cc(73)] ReadMemory at 0x97919f3000 of 6024 bytes failed: Only part of a ReadProcessMemory or WriteProcessMemory request was completed. (0x12B)
[0917/072514.685:ERROR:process_memory_win.cc(73)] ReadMemory at 0x97919f5000 of 6024 bytes failed: Only part of a ReadProcessMemory or WriteProcessMemory request was completed. (0x12B)
[0917/072514.685:ERROR:process_memory_win.cc(73)] ReadMemory at 0x97919f7000 of 6024 bytes failed: Only part of a ReadProcessMemory or WriteProcessMemory request was completed. (0x12B)
[0917/072514.685:ERROR:process_memory_win.cc(73)] ReadMemory at 0x97919f9000 of 6024 bytes failed: Only part of a ReadProcessMemory or WriteProcessMemory request was completed. (0x12B)
[0917/072514.685:ERROR:process_memory_win.cc(73)] ReadMemory at 0x97919fb000 of 6024 bytes failed: Only part of a ReadProcessMemory or WriteProcessMemory request was completed. (0x12B)
[0917/072514.685:ERROR:process_memory_win.cc(73)] ReadMemory at 0x97919fd000 of 6024 bytes failed: Only part of a ReadProcessMemory or WriteProcessMemory request was completed. (0x12B)
[0917/072514.685:ERROR:process_memory_win.cc(73)] ReadMemory at 0x288c0430c40 of 896 bytes failed: Only part of a ReadProcessMemory or WriteProcessMemory request was completed. (0x12B)
[0917/072515.816:ERROR:process_memory_win.cc(73)] ReadMemory at 0x288c0431b40 of 512 bytes failed: Only part of a ReadProcessMemory or WriteProcessMemory request was completed. (0x12B)
[0917/072515.816:ERROR:process_memory_win.cc(73)] ReadMemory at 0x288c04a0fe0 of 16288 bytes failed: Only part of a ReadProcessMemory or WriteProcessMemory request was completed. (0x12B)
[0917/072515.817:ERROR:process_memory_win.cc(73)] ReadMemory at 0x288c04a4f90 of 1012 bytes failed: Only part of a ReadProcessMemory or WriteProcessMemory request was completed. (0x12B)
[0917/072515.817:ERROR:process_memory_win.cc(73)] ReadMemory at 0x288c04a55d8 of 118 bytes failed: Only part of a ReadProcessMemory or WriteProcessMemory request was completed. (0x12B)
[0917/072515.818:ERROR:process_memory_win.cc(73)] ReadMemory at 0x288c04a5650 of 868 bytes failed: Only part of a ReadProcessMemory or WriteProcessMemory request was completed. (0x12B)
[0917/072515.818:ERROR:process_memory_win.cc(73)] ReadMemory at 0x288c04a59b6 of 118 bytes failed: Only part of a ReadProcessMemory or WriteProcessMemory request was completed. (0x12B)
[0917/072515.818:ERROR:process_memory_win.cc(73)] ReadMemory at 0x288c04a5a2e of 100 bytes failed: Only part of a ReadProcessMemory or WriteProcessMemory request was completed. (0x12B)
[0917/072515.819:ERROR:process_memory_win.cc(73)] ReadMemory at 0x288c04a5aa0 of 58 bytes failed: Only part of a ReadProcessMemory or WriteProcessMemory request was completed. (0x12B)
[0917/072515.819:ERROR:process_memory_win.cc(73)] ReadMemory at 0x288c04a5ba0 of 132 bytes failed: Only part of a ReadProcessMemory or WriteProcessMemory request was completed. (0x12B)
[0917/072515.819:ERROR:process_memory_win.cc(73)] ReadMemory at 0x288c04a5d30 of 132 bytes failed: Only part of a ReadProcessMemory or WriteProcessMemory request was completed. (0x12B)
[0917/072515.820:ERROR:process_memory_win.cc(73)] ReadMemory at 0x288c04a5ef0 of 126 bytes failed: Only part of a ReadProcessMemory or WriteProcessMemory request was completed. (0x12B)
[0917/072515.820:ERROR:process_memory_win.cc(73)] ReadMemory at 0x288c04a62d0 of 132 bytes failed: Only part of a ReadProcessMemory or WriteProcessMemory request was completed. (0x12B)
[0917/072515.820:ERROR:process_memory_win.cc(73)] ReadMemory at 0x288c04a6460 of 64 bytes failed: Only part of a ReadProcessMemory or WriteProcessMemory request was completed. (0x12B)
[0917/072515.820:ERROR:process_memory_win.cc(73)] ReadMemory at 0x288c04a6620 of 132 bytes failed: Only part of a ReadProcessMemory or WriteProcessMemory request was completed. (0x12B)
[0917/072515.821:ERROR:process_memory_win.cc(73)] ReadMemory at 0x288c04a68c0 of 132 bytes failed: Only part of a ReadProcessMemory or WriteProcessMemory request was completed. (0x12B)
[0917/072516.021:ERROR:process_memory_win.cc(73)] ReadMemory at 0x288c04a6a50 of 68 bytes failed: Only part of a ReadProcessMemory or WriteProcessMemory request was completed. (0x12B)
[0917/072516.022:ERROR:process_memory_win.cc(73)] ReadMemory at 0x288c04a7b50 of 132 bytes failed: Only part of a ReadProcessMemory or WriteProcessMemory request was completed. (0x12B)
[0917/072516.022:ERROR:process_memory_win.cc(73)] ReadMemory at 0x288c04a7ce0 of 154 bytes failed: Only part of a ReadProcessMemory or WriteProcessMemory request was completed. (0x12B)
[0917/072516.022:ERROR:process_memory_win.cc(73)] ReadMemory at 0x288c04a8af0 of 62 bytes failed: Only part of a ReadProcessMemory or WriteProcessMemory request was completed. (0x12B)
[0917/072516.023:ERROR:process_memory_win.cc(73)] ReadMemory at 0x288c04a8c50 of 132 bytes failed: Only part of a ReadProcessMemory or WriteProcessMemory request was completed. (0x12B)
[0917/072516.023:ERROR:process_memory_win.cc(73)] ReadMemory at 0x288c04a8de0 of 60 bytes failed: Only part of a ReadProcessMemory or WriteProcessMemory request was completed. (0x12B)
[0917/072516.024:ERROR:process_memory_win.cc(73)] ReadMemory at 0x288c04b0180 of 512 bytes failed: Only part of a ReadProcessMemory or WriteProcessMemory request was completed. (0x12B)
[0917/072516.024:ERROR:process_memory_win.cc(73)] ReadMemory at 0x288c04b7fd0 of 62 bytes failed: Only part of a ReadProcessMemory or WriteProcessMemory request was completed. (0x12B)
[0917/072516.024:ERROR:process_memory_win.cc(73)] ReadMemory at 0x288c04b8020 of 64 bytes failed: Only part of a ReadProcessMemory or WriteProcessMemory request was completed. (0x12B)
[0917/072516.024:ERROR:process_memory_win.cc(73)] ReadMemory at 0x288c04b82f0 of 66 bytes failed: Only part of a ReadProcessMemory or WriteProcessMemory request was completed. (0x12B)
[0917/072516.024:ERROR:process_memory_win.cc(73)] ReadMemory at 0x288c04b8430 of 64 bytes failed: Only part of a ReadProcessMemory or WriteProcessMemory request was completed. (0x12B)
[0917/072516.025:ERROR:process_memory_win.cc(73)] ReadMemory at 0x288c04b8570 of 60 bytes failed: Only part of a ReadProcessMemory or WriteProcessMemory request was completed. (0x12B)
[0917/072516.025:ERROR:process_memory_win.cc(73)] ReadMemory at 0x288c04b87a0 of 64 bytes failed: Only part of a ReadProcessMemory or WriteProcessMemory request was completed. (0x12B)
[0917/072516.397:ERROR:process_memory_win.cc(73)] ReadMemory at 0x288c04b8930 of 60 bytes failed: Only part of a ReadProcessMemory or WriteProcessMemory request was completed. (0x12B)
[0917/072516.398:ERROR:process_memory_win.cc(73)] ReadMemory at 0x288c04b8b10 of 62 bytes failed: Only part of a ReadProcessMemory or WriteProcessMemory request was completed. (0x12B)
[0917/072516.398:ERROR:process_memory_win.cc(73)] ReadMemory at 0x288c04b8b60 of 58 bytes failed: Only part of a ReadProcessMemory or WriteProcessMemory request was completed. (0x12B)
[0917/072516.398:ERROR:process_memory_win.cc(73)] ReadMemory at 0x288c04b8ca0 of 60 bytes failed: Only part of a ReadProcessMemory or WriteProcessMemory request was completed. (0x12B)
[0917/072516.398:ERROR:process_memory_win.cc(73)] ReadMemory at 0x288c04b8cf0 of 62 bytes failed: Only part of a ReadProcessMemory or WriteProcessMemory request was completed. (0x12B)
[0917/072516.398:ERROR:process_memory_win.cc(73)] ReadMemory at 0x288c04b8e30 of 64 bytes failed: Only part of a ReadProcessMemory or WriteProcessMemory request was completed. (0x12B)
[0917/072516.398:ERROR:process_memory_win.cc(73)] ReadMemory at 0x288c04b8f20 of 64 bytes failed: Only part of a ReadProcessMemory or WriteProcessMemory request was completed. (0x12B)
[0917/072516.398:ERROR:process_memory_win.cc(73)] ReadMemory at 0x288c04bc760 of 132 bytes failed: Only part of a ReadProcessMemory or WriteProcessMemory request was completed. (0x12B)
[0917/072516.398:ERROR:process_memory_win.cc(73)] ReadMemory at 0x288c04bcb80 of 132 bytes failed: Only part of a ReadProcessMemory or WriteProcessMemory request was completed. (0x12B)
[0917/072516.398:ERROR:process_memory_win.cc(73)] ReadMemory at 0x288c04bcd00 of 132 bytes failed: Only part of a ReadProcessMemory or WriteProcessMemory request was completed. (0x12B)
[0917/072516.399:ERROR:process_memory_win.cc(73)] ReadMemory at 0x288c04bce30 of 132 bytes failed: Only part of a ReadProcessMemory or WriteProcessMemory request was completed. (0x12B)
[0917/072516.399:ERROR:process_memory_win.cc(73)] ReadMemory at 0x288c04bcf60 of 132 bytes failed: Only part of a ReadProcessMemory or WriteProcessMemory request was completed. (0x12B)
[0917/072516.399:ERROR:process_memory_win.cc(73)] ReadMemory at 0x288c04bd090 of 132 bytes failed: Only part of a ReadProcessMemory or WriteProcessMemory request was completed. (0x12B)
[0917/072516.399:ERROR:process_memory_win.cc(73)] ReadMemory at 0x288c04bd1c0 of 132 bytes failed: Only part of a ReadProcessMemory or WriteProcessMemory request was completed. (0x12B)
[0917/072516.399:ERROR:process_memory_win.cc(73)] ReadMemory at 0x288c04bd2f0 of 132 bytes failed: Only part of a ReadProcessMemory or WriteProcessMemory request was completed. (0x12B)
[0917/072516.399:ERROR:process_memory_win.cc(73)] ReadMemory at 0x288c04bd420 of 132 bytes failed: Only part of a ReadProcessMemory or WriteProcessMemory request was completed. (0x12B)
[0917/072516.399:ERROR:process_memory_win.cc(73)] ReadMemory at 0x288c04bd550 of 132 bytes failed: Only part of a ReadProcessMemory or WriteProcessMemory request was completed. (0x12B)
[0917/072516.399:ERROR:process_memory_win.cc(73)] ReadMemory at 0x288c04bd680 of 132 bytes failed: Only part of a ReadProcessMemory or WriteProcessMemory request was completed. (0x12B)
[0917/072516.399:ERROR:process_memory_win.cc(73)] ReadMemory at 0x288c04bd7b0 of 132 bytes failed: Only part of a ReadProcessMemory or WriteProcessMemory request was completed. (0x12B)
[0917/072516.400:ERROR:process_memory_win.cc(73)] ReadMemory at 0x288c04bd8e0 of 132 bytes failed: Only part of a ReadProcessMemory or WriteProcessMemory request was completed. (0x12B)
[0917/072516.400:ERROR:process_memory_win.cc(73)] ReadMemory at 0x288c04bdb40 of 132 bytes failed: Only part of a ReadProcessMemory or WriteProcessMemory request was completed. (0x12B)
[0917/072516.400:ERROR:process_memory_win.cc(73)] ReadMemory at 0x288c04c02c0 of 80 bytes failed: Only part of a ReadProcessMemory or WriteProcessMemory request was completed. (0x12B)
[0917/072517.062:ERROR:process_memory_win.cc(73)] ReadMemory at 0x288c04c31d0 of 132 bytes failed: Only part of a ReadProcessMemory or WriteProcessMemory request was completed. (0x12B)
[0917/072517.064:ERROR:process_memory_win.cc(73)] ReadMemory at 0x288c04c33e0 of 132 bytes failed: Only part of a ReadProcessMemory or WriteProcessMemory request was completed. (0x12B)
[0917/072517.064:ERROR:process_memory_win.cc(73)] ReadMemory at 0x288c04c4dd0 of 54 bytes failed: Only part of a ReadProcessMemory or WriteProcessMemory request was completed. (0x12B)
[0917/072517.065:ERROR:process_memory_win.cc(73)] ReadMemory at 0x288c04c4e90 of 132 bytes failed: Only part of a ReadProcessMemory or WriteProcessMemory request was completed. (0x12B)
[0917/072517.065:ERROR:process_memory_win.cc(73)] ReadMemory at 0x288c04c54a0 of 132 bytes failed: Only part of a ReadProcessMemory or WriteProcessMemory request was completed. (0x12B)
[0917/072517.065:ERROR:process_memory_win.cc(73)] ReadMemory at 0x288c04c5730 of 146 bytes failed: Only part of a ReadProcessMemory or WriteProcessMemory request was completed. (0x12B)
[0917/072517.066:ERROR:process_memory_win.cc(73)] ReadMemory at 0x288c04c5c10 of 132 bytes failed: Only part of a ReadProcessMemory or WriteProcessMemory request was completed. (0x12B)
[0917/072517.066:ERROR:process_memory_win.cc(73)] ReadMemory at 0x288c04c99c0 of 132 bytes failed: Only part of a ReadProcessMemory or WriteProcessMemory request was completed. (0x12B)
[0917/072517.067:ERROR:process_memory_win.cc(73)] ReadMemory at 0x288c04c9be0 of 132 bytes failed: Only part of a ReadProcessMemory or WriteProcessMemory request was completed. (0x12B)
[0917/072517.067:ERROR:process_memory_win.cc(73)] ReadMemory at 0x288c04c9e00 of 132 bytes failed: Only part of a ReadProcessMemory or WriteProcessMemory request was completed. (0x12B)
[0917/072517.068:ERROR:process_memory_win.cc(73)] ReadMemory at 0x288c04ca3a0 of 80 bytes failed: Only part of a ReadProcessMemory or WriteProcessMemory request was completed. (0x12B)
[0917/072517.069:ERROR:process_memory_win.cc(73)] ReadMemory at 0x288c04ca9a0 of 76 bytes failed: Only part of a ReadProcessMemory or WriteProcessMemory request was completed. (0x12B)
[0917/072517.069:ERROR:process_memory_win.cc(73)] ReadMemory at 0x288c04cb580 of 132 bytes failed: Only part of a ReadProcessMemory or WriteProcessMemory request was completed. (0x12B)
[0917/072517.069:ERROR:process_memory_win.cc(73)] ReadMemory at 0x288c04cbca0 of 132 bytes failed: Only part of a ReadProcessMemory or WriteProcessMemory request was completed. (0x12B)
[0917/072517.069:ERROR:process_memory_win.cc(73)] ReadMemory at 0x288c04cc160 of 132 bytes failed: Only part of a ReadProcessMemory or WriteProcessMemory request was completed. (0x12B)
[0917/072517.069:ERROR:process_memory_win.cc(73)] ReadMemory at 0x288c04cc290 of 132 bytes failed: Only part of a ReadProcessMemory or WriteProcessMemory request was completed. (0x12B)
[0917/072517.069:ERROR:process_memory_win.cc(73)] ReadMemory at 0x288c04cc3c0 of 132 bytes failed: Only part of a ReadProcessMemory or WriteProcessMemory request was completed. (0x12B)
[0917/072517.147:ERROR:process_memory_win.cc(73)] ReadMemory at 0x288c04cc4f0 of 132 bytes failed: Only part of a ReadProcessMemory or WriteProcessMemory request was completed. (0x12B)
[0917/072517.148:ERROR:process_memory_win.cc(73)] ReadMemory at 0x288c04cc620 of 132 bytes failed: Only part of a ReadProcessMemory or WriteProcessMemory request was completed. (0x12B)
[0917/072517.148:ERROR:process_memory_win.cc(73)] ReadMemory at 0x288c04cc9b0 of 132 bytes failed: Only part of a ReadProcessMemory or WriteProcessMemory request was completed. (0x12B)
[0917/072517.148:ERROR:process_memory_win.cc(73)] ReadMemory at 0x288c04ccae0 of 132 bytes failed: Only part of a ReadProcessMemory or WriteProcessMemory request was completed. (0x12B)
[0917/072517.148:ERROR:process_memory_win.cc(73)] ReadMemory at 0x288c04ccc10 of 132 bytes failed: Only part of a ReadProcessMemory or WriteProcessMemory request was completed. (0x12B)
[0917/072517.149:ERROR:process_memory_win.cc(73)] ReadMemory at 0x288c04cd7c0 of 66 bytes failed: Only part of a ReadProcessMemory or WriteProcessMemory request was completed. (0x12B)
[0917/072517.149:ERROR:process_memory_win.cc(73)] ReadMemory at 0x288c04cd860 of 60 bytes failed: Only part of a ReadProcessMemory or WriteProcessMemory request was completed. (0x12B)
[0917/072517.149:ERROR:process_memory_win.cc(73)] ReadMemory at 0x288c04cdae0 of 62 bytes failed: Only part of a ReadProcessMemory or WriteProcessMemory request was completed. (0x12B)
[0917/072517.150:ERROR:process_memory_win.cc(73)] ReadMemory at 0x288c04cdb80 of 64 bytes failed: Only part of a ReadProcessMemory or WriteProcessMemory request was completed. (0x12B)
[0917/072517.150:ERROR:process_memory_win.cc(73)] ReadMemory at 0x288c04cdc70 of 62 bytes failed: Only part of a ReadProcessMemory or WriteProcessMemory request was completed. (0x12B)
[0917/072517.150:ERROR:process_memory_win.cc(73)] ReadMemory at 0x288c04cddb0 of 62 bytes failed: Only part of a ReadProcessMemory or WriteProcessMemory request was completed. (0x12B)
[0917/072517.150:ERROR:process_memory_win.cc(73)] ReadMemory at 0x288c04cde00 of 60 bytes failed: Only part of a ReadProcessMemory or WriteProcessMemory request was completed. (0x12B)
[0917/072517.151:ERROR:process_memory_win.cc(73)] ReadMemory at 0x288c04cde50 of 64 bytes failed: Only part of a ReadProcessMemory or WriteProcessMemory request was completed. (0x12B)
[0917/072517.151:ERROR:process_memory_win.cc(73)] ReadMemory at 0x288c04cdea0 of 64 bytes failed: Only part of a ReadProcessMemory or WriteProcessMemory request was completed. (0x12B)
[0917/072517.151:ERROR:process_memory_win.cc(73)] ReadMemory at 0x288c04ce030 of 62 bytes failed: Only part of a ReadProcessMemory or WriteProcessMemory request was completed. (0x12B)
[0917/072517.152:ERROR:process_memory_win.cc(73)] ReadMemory at 0x288c04ce210 of 62 bytes failed: Only part of a ReadProcessMemory or WriteProcessMemory request was completed. (0x12B)
[0917/072517.153:ERROR:process_memory_win.cc(73)] ReadMemory at 0x288c04ce260 of 62 bytes failed: Only part of a ReadProcessMemory or WriteProcessMemory request was completed. (0x12B)
[0917/072517.153:ERROR:process_memory_win.cc(73)] ReadMemory at 0x288c04ce3a0 of 62 bytes failed: Only part of a ReadProcessMemory or WriteProcessMemory request was completed. (0x12B)
[0917/072517.154:ERROR:process_memory_win.cc(73)] ReadMemory at 0x288c04ce440 of 60 bytes failed: Only part of a ReadProcessMemory or WriteProcessMemory request was completed. (0x12B)
[0917/072517.154:ERROR:process_memory_win.cc(73)] ReadMemory at 0x288c051a0c0 of 512 bytes failed: Only part of a ReadProcessMemory or WriteProcessMemory request was completed. (0x12B)
[0917/072517.154:ERROR:process_memory_win.cc(73)] ReadMemory at 0x288c051a940 of 512 bytes failed: Only part of a ReadProcessMemory or WriteProcessMemory request was completed. (0x12B)
[0917/072517.155:ERROR:process_memory_win.cc(73)] ReadMemory at 0x288c051ae40 of 512 bytes failed: Only part of a ReadProcessMemory or WriteProcessMemory request was completed. (0x12B)
[0917/072517.155:ERROR:process_memory_win.cc(73)] ReadMemory at 0x288c0533380 of 512 bytes failed: Only part of a ReadProcessMemory or WriteProcessMemory request was completed. (0x12B)
[0917/072517.155:ERROR:process_memory_win.cc(73)] ReadMemory at 0x288c0538600 of 512 bytes failed: Only part of a ReadProcessMemory or WriteProcessMemory request was completed. (0x12B)
[0917/072517.156:ERROR:process_memory_win.cc(73)] ReadMemory at 0x288c0559410 of 512 bytes failed: Only part of a ReadProcessMemory or WriteProcessMemory request was completed. (0x12B)
[0917/072517.156:ERROR:process_memory_win.cc(73)] ReadMemory at 0x288c055b6a0 of 512 bytes failed: Only part of a ReadProcessMemory or WriteProcessMemory request was completed. (0x12B)
[0917/072517.156:ERROR:process_memory_win.cc(73)] ReadMemory at 0x288c0566c90 of 712 bytes failed: Only part of a ReadProcessMemory or WriteProcessMemory request was completed. (0x12B)
[0917/072517.157:ERROR:process_memory_win.cc(73)] ReadMemory at 0x288c1dc1cc4 of 670 bytes failed: Only part of a ReadProcessMemory or WriteProcessMemory request was completed. (0x12B)
[0917/072517.157:ERROR:process_memory_win.cc(73)] ReadMemory at 0x288c1df86a0 of 512 bytes failed: Only part of a ReadProcessMemory or WriteProcessMemory request was completed. (0x12B)
[0917/072517.157:ERROR:process_memory_win.cc(73)] ReadMemory at 0x288c1f85bb0 of 512 bytes failed: Only part of a ReadProcessMemory or WriteProcessMemory request was completed. (0x12B)
[0917/072517.158:ERROR:process_memory_win.cc(73)] ReadMemory at 0x288c1f9edf0 of 512 bytes failed: Only part of a ReadProcessMemory or WriteProcessMemory request was completed. (0x12B)
[0917/072517.158:ERROR:process_memory_win.cc(73)] ReadMemory at 0x288c24c9b80 of 512 bytes failed: Only part of a ReadProcessMemory or WriteProcessMemory request was completed. (0x12B)
[0917/072517.158:ERROR:process_memory_win.cc(73)] ReadMemory at 0x288c2787800 of 512 bytes failed: Only part of a ReadProcessMemory or WriteProcessMemory request was completed. (0x12B)
[0917/072517.159:ERROR:process_memory_win.cc(73)] ReadMemory at 0x288c27a5720 of 512 bytes failed: Only part of a ReadProcessMemory or WriteProcessMemory request was completed. (0x12B)
[0917/072517.159:ERROR:process_memory_win.cc(73)] ReadMemory at 0x513908040669 of 512 bytes failed: Only part of a ReadProcessMemory or WriteProcessMemory request was completed. (0x12B)
[0917/072517.159:ERROR:process_memory_win.cc(73)] ReadMemory at 0x5139084cd4d0 of 512 bytes failed: Only part of a ReadProcessMemory or WriteProcessMemory request was completed. (0x12B)
[0917/072517.160:ERROR:process_memory_win.cc(73)] ReadMemory at 0x513908a44dfc of 512 bytes failed: Only part of a ReadProcessMemory or WriteProcessMemory request was completed. (0x12B)
[0917/072517.160:ERROR:process_memory_win.cc(73)] ReadMemory at 0x7fff7ed6e0e0 of 512 bytes failed: Only part of a ReadProcessMemory or WriteProcessMemory request was completed. (0x12B)
[0917/072517.161:ERROR:process_memory_win.cc(73)] ReadMemory at 0x7fff8024e17d of 512 bytes failed: Only part of a ReadProcessMemory or WriteProcessMemory request was completed. (0x12B)
[0917/072517.161:ERROR:process_memory_win.cc(73)] ReadMemory at 0x7fff85245db8 of 512 bytes failed: Only part of a ReadProcessMemory or WriteProcessMemory request was completed. (0x12B)
[0917/072517.162:ERROR:process_memory_win.cc(73)] ReadMemory at 0x7fff85e5aa78 of 512 bytes failed: Only part of a ReadProcessMemory or WriteProcessMemory request was completed. (0x12B)
[0917/072517.162:ERROR:process_memory_win.cc(73)] ReadMemory at 0x7fff85e79ef0 of 512 bytes failed: Only part of a ReadProcessMemory or WriteProcessMemory request was completed. (0x12B)
[0917/072517.162:ERROR:process_memory_win.cc(73)] ReadMemory at 0x7fff871c5160 of 512 bytes failed: Only part of a ReadProcessMemory or WriteProcessMemory request was completed. (0x12B)
[0917/072517.163:ERROR:process_memory_win.cc(73)] ReadMemory at 0x7fff871c5867 of 512 bytes failed: Only part of a ReadProcessMemory or WriteProcessMemory request was completed. (0x12B)
[0917/072517.163:ERROR:process_memory_win.cc(73)] ReadMemory at 0x7fffcdc21f80 of 512 bytes failed: Only part of a ReadProcessMemory or WriteProcessMemory request was completed. (0x12B)
[0917/072517.163:ERROR:process_memory_win.cc(73)] ReadMemory at 0x7fffcf2dc074 of 672 bytes failed: Only part of a ReadProcessMemory or WriteProcessMemory request was completed. (0x12B)
[0917/072517.164:ERROR:process_memory_win.cc(73)] ReadMemory at 0x7fffcf2df924 of 608 bytes failed: Only part of a ReadProcessMemory or WriteProcessMemory request was completed. (0x12B)
[0917/072517.164:ERROR:process_memory_win.cc(73)] ReadMemory at 0x7fffcf36c428 of 18 bytes failed: Only part of a ReadProcessMemory or WriteProcessMemory request was completed. (0x12B)
[0917/072517.164:ERROR:process_memory_win.cc(73)] ReadMemory at 0x7fffcf39f4f8 of 40 bytes failed: Only part of a ReadProcessMemory or WriteProcessMemory request was completed. (0x12B)
[0917/072517.164:ERROR:process_memory_win.cc(73)] ReadMemory at 0x7fffcf39f978 of 48 bytes failed: Only part of a ReadProcessMemory or WriteProcessMemory request was completed. (0x12B)
[0917/072517.165:ERROR:process_memory_win.cc(73)] ReadMemory at 0x7fffcf3a53c0 of 64 bytes failed: Only part of a ReadProcessMemory or WriteProcessMemory request was completed. (0x12B)
[0917/072518.179:ERROR:scoped_process_suspend.cc(40)] NtResumeProcess: An attempt was made to access an exiting process. (0xc000010a)
